<?xml version="1.0" encoding="UTF-8"?>
<coverage generated="1752883888761" clover="3.2.0">
  <project timestamp="1752883888761" name="All files">
    <metrics statements="20" coveredstatements="19" conditionals="16" coveredconditionals="15" methods="5" coveredmethods="5" elements="41" coveredelements="39" complexity="0" loc="20" ncloc="20" packages="1" files="3" classes="3"/>
    <file name="validations.js" path="/Users/aizah/Documents/personal/school/volunteer-app-1/src/backend/validations.js">
      <metrics statements="9" coveredstatements="8" conditionals="16" coveredconditionals="15" methods="1" coveredmethods="1"/>
      <line num="2" count="6" type="cond" truecount="4" falsecount="0"/>
      <line num="3" count="2" type="stmt"/>
      <line num="5" count="4" type="cond" truecount="4" falsecount="0"/>
      <line num="6" count="1" type="stmt"/>
      <line num="8" count="3" type="cond" truecount="3" falsecount="1"/>
      <line num="9" count="0" type="stmt"/>
      <line num="11" count="3" type="cond" truecount="4" falsecount="0"/>
      <line num="12" count="1" type="stmt"/>
      <line num="14" count="2" type="stmt"/>
    </file>
    <file name="volunteerHistoryController.js" path="/Users/aizah/Documents/personal/school/volunteer-app-1/src/backend/volunteerHistoryController.js">
      <metrics statements="6" coveredstatements="6" conditionals="0" coveredconditionals="0" methods="2" coveredmethods="2"/>
      <line num="4" count="1" type="stmt"/>
      <line num="5" count="1" type="stmt"/>
      <line num="9" count="2" type="stmt"/>
      <line num="10" count="2" type="stmt"/>
      <line num="11" count="1" type="stmt"/>
      <line num="13" count="1" type="stmt"/>
    </file>
    <file name="volunteerHistoryService.js" path="/Users/aizah/Documents/personal/school/volunteer-app-1/src/backend/volunteerHistoryService.js">
      <metrics statements="5" coveredstatements="5" conditionals="0" coveredconditionals="0" methods="2" coveredmethods="2"/>
      <line num="3" count="2" type="stmt"/>
      <line num="8" count="2" type="stmt"/>
      <line num="12" count="2" type="stmt"/>
      <line num="13" count="1" type="stmt"/>
      <line num="14" count="1" type="stmt"/>
    </file>
  </project>
</coverage>
