{"/Users/aizah/Documents/personal/school/volunteer-app-1/src/backend/validations.js": {"path":"/Users/aizah/Documents/personal/school/volunteer-app-1/src/backend/validations.js","statementMap":{"0":{"start":{"line":2,"column":2},"end":{"line":4,"column":3}},"1":{"start":{"line":3,"column":4},"end":{"line":3,"column":50}},"2":{"start":{"line":5,"column":2},"end":{"line":7,"column":3}},"3":{"start":{"line":6,"column":4},"end":{"line":6,"column":46}},"4":{"start":{"line":8,"column":2},"end":{"line":10,"column":3}},"5":{"start":{"line":9,"column":4},"end":{"line":9,"column":52}},"6":{"start":{"line":11,"column":2},"end":{"line":13,"column":3}},"7":{"start":{"line":12,"column":4},"end":{"line":12,"column":56}},"8":{"start":{"line":14,"column":2},"end":{"line":14,"column":14}}},"fnMap":{"0":{"name":"validateVolunteerHistory","decl":{"start":{"line":1,"column":16},"end":{"line":1,"column":40}},"loc":{"start":{"line":1,"column":47},"end":{"line":15,"column":1}},"line":1}},"branchMap":{"0":{"loc":{"start":{"line":2,"column":2},"end":{"line":4,"column":3}},"type":"if","locations":[{"start":{"line":2,"column":2},"end":{"line":4,"column":3}},{"start":{},"end":{}}],"line":2},"1":{"loc":{"start":{"line":2,"column":6},"end":{"line":2,"column":67}},"type":"binary-expr","locations":[{"start":{"line":2,"column":6},"end":{"line":2,"column":25}},{"start":{"line":2,"column":29},"end":{"line":2,"column":67}}],"line":2},"2":{"loc":{"start":{"line":5,"column":2},"end":{"line":7,"column":3}},"type":"if","locations":[{"start":{"line":5,"column":2},"end":{"line":7,"column":3}},{"start":{},"end":{}}],"line":5},"3":{"loc":{"start":{"line":5,"column":6},"end":{"line":5,"column":59}},"type":"binary-expr","locations":[{"start":{"line":5,"column":6},"end":{"line":5,"column":21}},{"start":{"line":5,"column":25},"end":{"line":5,"column":59}}],"line":5},"4":{"loc":{"start":{"line":8,"column":2},"end":{"line":10,"column":3}},"type":"if","locations":[{"start":{"line":8,"column":2},"end":{"line":10,"column":3}},{"start":{},"end":{}}],"line":8},"5":{"loc":{"start":{"line":8,"column":6},"end":{"line":8,"column":57}},"type":"binary-expr","locations":[{"start":{"line":8,"column":6},"end":{"line":8,"column":36}},{"start":{"line":8,"column":40},"end":{"line":8,"column":57}}],"line":8},"6":{"loc":{"start":{"line":11,"column":2},"end":{"line":13,"column":3}},"type":"if","locations":[{"start":{"line":11,"column":2},"end":{"line":13,"column":3}},{"start":{},"end":{}}],"line":11},"7":{"loc":{"start":{"line":11,"column":6},"end":{"line":11,"column":41}},"type":"binary-expr","locations":[{"start":{"line":11,"column":6},"end":{"line":11,"column":20}},{"start":{"line":11,"column":24},"end":{"line":11,"column":41}}],"line":11}},"s":{"0":6,"1":2,"2":4,"3":1,"4":3,"5":0,"6":3,"7":1,"8":2},"f":{"0":6},"b":{"0":[2,4],"1":[6,4],"2":[1,3],"3":[4,3],"4":[0,3],"5":[3,3],"6":[1,2],"7":[3,2]},"_coverageSchema":"1a1c01bbd47fc00a2c39e90264f33305004495a9","hash":"338682ed380de41f4e13aedda4f18b2aee02ae74"}
,"/Users/aizah/Documents/personal/school/volunteer-app-1/src/backend/volunteerHistoryController.js": {"path":"/Users/aizah/Documents/personal/school/volunteer-app-1/src/backend/volunteerHistoryController.js","statementMap":{"0":{"start":{"line":4,"column":15},"end":{"line":4,"column":39}},"1":{"start":{"line":5,"column":2},"end":{"line":5,"column":17}},"2":{"start":{"line":9,"column":2},"end":{"line":14,"column":3}},"3":{"start":{"line":10,"column":24},"end":{"line":10,"column":53}},"4":{"start":{"line":11,"column":4},"end":{"line":11,"column":38}},"5":{"start":{"line":13,"column":4},"end":{"line":13,"column":51}}},"fnMap":{"0":{"name":"getVolunteerHistory","decl":{"start":{"line":3,"column":16},"end":{"line":3,"column":35}},"loc":{"start":{"line":3,"column":46},"end":{"line":6,"column":1}},"line":3},"1":{"name":"postVolunteerHistory","decl":{"start":{"line":8,"column":16},"end":{"line":8,"column":36}},"loc":{"start":{"line":8,"column":47},"end":{"line":15,"column":1}},"line":8}},"branchMap":{},"s":{"0":1,"1":1,"2":2,"3":2,"4":1,"5":1},"f":{"0":1,"1":2},"b":{},"_coverageSchema":"1a1c01bbd47fc00a2c39e90264f33305004495a9","hash":"1b319d4a673d31b9971445d80fec70ecc41ad2c1"}
,"/Users/aizah/Documents/personal/school/volunteer-app-1/src/backend/volunteerHistoryService.js": {"path":"/Users/aizah/Documents/personal/school/volunteer-app-1/src/backend/volunteerHistoryService.js","statementMap":{"0":{"start":{"line":3,"column":29},"end":{"line":5,"column":1}},"1":{"start":{"line":8,"column":2},"end":{"line":8,"column":30}},"2":{"start":{"line":12,"column":2},"end":{"line":12,"column":35}},"3":{"start":{"line":13,"column":2},"end":{"line":13,"column":36}},"4":{"start":{"line":14,"column":2},"end":{"line":14,"column":16}}},"fnMap":{"0":{"name":"getAllVolunteerHistory","decl":{"start":{"line":7,"column":16},"end":{"line":7,"column":38}},"loc":{"start":{"line":7,"column":41},"end":{"line":9,"column":1}},"line":7},"1":{"name":"addVolunteerHistory","decl":{"start":{"line":11,"column":16},"end":{"line":11,"column":35}},"loc":{"start":{"line":11,"column":44},"end":{"line":15,"column":1}},"line":11}},"branchMap":{},"s":{"0":2,"1":2,"2":2,"3":1,"4":1},"f":{"0":2,"1":2},"b":{},"_coverageSchema":"1a1c01bbd47fc00a2c39e90264f33305004495a9","hash":"954ee42648ebcef810b4f452342f4227babdafb9"}
}
