TN:
SF:src/backend/validations.js
FN:1,validateVolunteerHistory
FNF:1
FNH:1
FNDA:6,validateVolunteerHistory
DA:2,6
DA:3,2
DA:5,4
DA:6,1
DA:8,3
DA:9,0
DA:11,3
DA:12,1
DA:14,2
LF:9
LH:8
BRDA:2,0,0,2
BRDA:2,0,1,4
BRDA:2,1,0,6
BRDA:2,1,1,4
BRDA:5,2,0,1
BRDA:5,2,1,3
BRDA:5,3,0,4
BRDA:5,3,1,3
BRDA:8,4,0,0
BRDA:8,4,1,3
BRDA:8,5,0,3
BRDA:8,5,1,3
BRDA:11,6,0,1
BRDA:11,6,1,2
BRDA:11,7,0,3
BRDA:11,7,1,2
BRF:16
BRH:15
end_of_record
TN:
SF:src/backend/volunteerHistoryController.js
FN:3,getVolunteerHistory
FN:8,postVolunteerHistory
FNF:2
FNH:2
FNDA:1,getVolunteerHistory
FNDA:2,postVolunteerHistory
DA:4,1
DA:5,1
DA:9,2
DA:10,2
DA:11,1
DA:13,1
LF:6
LH:6
BRF:0
BRH:0
end_of_record
TN:
SF:src/backend/volunteerHistoryService.js
FN:7,getAllVolunteerHistory
FN:11,addVolunteerHistory
FNF:2
FNH:2
FNDA:2,getAllVolunteerHistory
FNDA:2,addVolunteerHistory
DA:3,2
DA:8,2
DA:12,2
DA:13,1
DA:14,1
LF:5
LH:5
BRF:0
BRH:0
end_of_record
